
> trazit-platform@1.1.0 build
> vite build

[33mThe CJS build of Vite's Node API is deprecated. See https://vitejs.dev/guide/troubleshooting.html#vite-cjs-node-api-deprecated for more details.[39m
[36mvite v5.4.7 [32mbuilding for production...[36m[39m
transforming...
[32m✓[39m 501 modules transformed.
rendering chunks...
computing gzip size...
[2mdist/[22m[32mregisterSW.js                    [39m[1m[2m  0.13 kB[22m[1m[22m
[2mdist/[22m[32mmanifest.webmanifest             [39m[1m[2m  0.62 kB[22m[1m[22m
[2mdist/[22m[32massets/favicon-DscISUgV.ico      [39m[1m[2m  1.15 kB[22m[1m[22m
[2mdist/[22m[32mindex.html                       [39m[1m[2m  3.50 kB[22m[1m[22m[2m │ gzip:  1.17 kB[22m
[2mdist/[22m[36massets/tr-resetpass-D1RoDdOg.js  [39m[1m[2m  0.09 kB[22m[1m[22m[2m │ gzip:  0.10 kB[22m
[2mdist/[22m[36massets/tr-view404-Bx6103Ab.js    [39m[1m[2m  0.35 kB[22m[1m[22m[2m │ gzip:  0.26 kB[22m
[2mdist/[22m[36massets/tr-default-Dss8_bYx.js    [39m[1m[2m  0.52 kB[22m[1m[22m[2m │ gzip:  0.35 kB[22m
[2mdist/[22m[36massets/list-item-BNcmRXHV.js     [39m[1m[2m 37.72 kB[22m[1m[22m[2m │ gzip:  8.79 kB[22m
[2mdist/[22m[36massets/tr-home-CPZ0w_Ps.js       [39m[1m[2m118.30 kB[22m[1m[22m[2m │ gzip: 23.92 kB[22m
[2mdist/[22m[36massets/index-D3UNHSMc.js         [39m[1m[2m316.91 kB[22m[1m[22m[2m │ gzip: 41.17 kB[22m
[2mdist/[22m[36massets/tr-dashboard-BtPUv7Mr.js  [39m[1m[2m484.69 kB[22m[1m[22m[2m │ gzip: 90.15 kB[22m
[32m✓ built in 1.62s[39m

PWA v0.20.5
mode      generateSW
precache  18 entries (959.26 KiB)
files generated
  dist/sw.js
  dist/workbox-def37861.js
